<?xml version="1.0" encoding="UTF-8"?>
<testng-results skipped="0" failed="0" ignored="0" total="2" passed="2">
  <reporter-output>
  </reporter-output>
  <suite name="Suite" duration-ms="38602" started-at="2017-12-24T16:01:36Z" finished-at="2017-12-24T16:02:15Z">
    <groups>
    </groups>
    <test name="Test" duration-ms="38602" started-at="2017-12-24T16:01:36Z" finished-at="2017-12-24T16:02:15Z">
      <class name="package1.Test1">
        <test-method status="PASS" signature="start()[pri:0, instance:package1.Test1@3dd3bcd]" name="start" duration-ms="38463" started-at="2017-12-24T21:31:36Z" finished-at="2017-12-24T21:32:15Z">
          <reporter-output>
          </reporter-output>
        </test-method> <!-- start -->
        <test-method status="PASS" signature="navigate_to_main_window()[pri:1, instance:package1.Test1@3dd3bcd]" name="navigate_to_main_window" duration-ms="91" started-at="2017-12-24T21:32:15Z" finished-at="2017-12-24T21:32:15Z">
          <reporter-output>
          </reporter-output>
        </test-method> <!-- navigate_to_main_window -->
      </class> <!-- package1.Test1 -->
    </test> <!-- Test -->
  </suite> <!-- Suite -->
</testng-results>
