<?xml version="1.0" encoding="UTF-8"?>
<testng-results skipped="0" failed="0" ignored="0" total="2" passed="2">
  <reporter-output>
  </reporter-output>
  <suite name="Suite" duration-ms="17931" started-at="2017-12-24T15:58:15Z" finished-at="2017-12-24T15:58:33Z">
    <groups>
    </groups>
    <test name="Test" duration-ms="17931" started-at="2017-12-24T15:58:15Z" finished-at="2017-12-24T15:58:33Z">
      <class name="package1.Test1">
        <test-method status="PASS" signature="start()[pri:0, instance:package1.Test1@6500df86]" name="start" duration-ms="17822" started-at="2017-12-24T21:28:15Z" finished-at="2017-12-24T21:28:33Z">
          <reporter-output>
          </reporter-output>
        </test-method> <!-- start -->
        <test-method status="PASS" signature="navigate_to_main_window()[pri:1, instance:package1.Test1@6500df86]" name="navigate_to_main_window" duration-ms="58" started-at="2017-12-24T21:28:33Z" finished-at="2017-12-24T21:28:33Z">
          <reporter-output>
          </reporter-output>
        </test-method> <!-- navigate_to_main_window -->
      </class> <!-- package1.Test1 -->
    </test> <!-- Test -->
  </suite> <!-- Suite -->
</testng-results>
